0 info it worked if it ends with ok
1 verbose cli [ '/usr/local/bin/node', '/usr/local/bin/npm', 'run', 'test' ]
2 info using npm@2.14.4
3 info using node@v4.1.1
4 verbose run-script [ 'pretest', 'test', 'posttest' ]
5 info pretest itsa-react-togglebutton@0.0.3
6 verbose unsafe-perm in lifecycle true
7 info test itsa-react-togglebutton@0.0.3
8 verbose unsafe-perm in lifecycle true
9 info itsa-react-togglebutton@0.0.3 Failed to exec test script
10 verbose stack Error: itsa-react-togglebutton@0.0.3 test: `mocha 'tests/*.js' --compilers js:babel-core/register`
10 verbose stack Exit status 1
10 verbose stack     at EventEmitter.<anonymous> (/usr/local/lib/node_modules/npm/lib/utils/lifecycle.js:214:16)
10 verbose stack     at emitTwo (events.js:87:13)
10 verbose stack     at EventEmitter.emit (events.js:172:7)
10 verbose stack     at ChildProcess.<anonymous> (/usr/local/lib/node_modules/npm/lib/utils/spawn.js:24:14)
10 verbose stack     at emitTwo (events.js:87:13)
10 verbose stack     at ChildProcess.emit (events.js:172:7)
10 verbose stack     at maybeClose (internal/child_process.js:817:16)
10 verbose stack     at Process.ChildProcess._handle.onexit (internal/child_process.js:211:5)
11 verbose pkgid itsa-react-togglebutton@0.0.3
12 verbose cwd /Volumes/Data/Marco/Documenten Marco/GitHub/itsa-react-components/itsa-react-togglebutton
13 error Darwin 15.3.0
14 error argv "/usr/local/bin/node" "/usr/local/bin/npm" "run" "test"
15 error node v4.1.1
16 error npm  v2.14.4
17 error code ELIFECYCLE
18 error itsa-react-togglebutton@0.0.3 test: `mocha 'tests/*.js' --compilers js:babel-core/register`
18 error Exit status 1
19 error Failed at the itsa-react-togglebutton@0.0.3 test script 'mocha 'tests/*.js' --compilers js:babel-core/register'.
19 error This is most likely a problem with the itsa-react-togglebutton package,
19 error not with npm itself.
19 error Tell the author that this fails on your system:
19 error     mocha 'tests/*.js' --compilers js:babel-core/register
19 error You can get their info via:
19 error     npm owner ls itsa-react-togglebutton
19 error There is likely additional logging output above.
20 verbose exit [ 1, true ]
